<?xml version="1.0" encoding="UTF-8"?>
<!-- Generated by org.testng.reporters.JUnitReportReporter -->
<testsuite hostname="Uva_K_P" failures="0" tests="4" name="com.techment.test.Test1" time="36.871" errors="1" timestamp="2024-01-18T12:45:28 IST" skipped="0">
  <testcase classname="com.techment.test.Test1" name="tc4" time="10.351"/>
  <system-out/>
  <testcase classname="com.techment.test.Test1" name="tc3" time="10.144"/>
  <system-out/>
  <testcase classname="com.techment.test.Test1" name="tc1" time="7.809"/>
  <system-out/>
  <testcase classname="com.techment.test.Test1" name="tc2" time="8.567">
    <error message="Cannot invoke &quot;com.techment.pages.LoginPage.getData2()&quot; because &quot;this.l&quot; is null" type="java.lang.NullPointerException">
      <![CDATA[java.lang.NullPointerException: Cannot invoke "com.techment.pages.LoginPage.getData2()" because "this.l" is null
at com.techment.test.Test1.tc2(Test1.java:99)
at java.base/jdk.internal.reflect.NativeMethodAccessorImpl.invoke0(Native Method)
at java.base/jdk.internal.reflect.NativeMethodAccessorImpl.invoke(NativeMethodAccessorImpl.java:77)
at java.base/jdk.internal.reflect.DelegatingMethodAccessorImpl.invoke(DelegatingMethodAccessorImpl.java:43)
at java.base/java.lang.reflect.Method.invoke(Method.java:568)
at org.testng.internal.MethodInvocationHelper.invokeMethod(MethodInvocationHelper.java:133)
at org.testng.internal.TestInvoker.invokeMethod(TestInvoker.java:598)
at org.testng.internal.TestInvoker.invokeTestMethod(TestInvoker.java:173)
at org.testng.internal.MethodRunner.runInSequence(MethodRunner.java:46)
at org.testng.internal.TestInvoker$MethodInvocationAgent.invoke(TestInvoker.java:824)
at org.testng.internal.TestInvoker.invokeTestMethods(TestInvoker.java:146)
at org.testng.internal.TestMethodWorker.invokeTestMethods(TestMethodWorker.java:146)
at org.testng.internal.TestMethodWorker.run(TestMethodWorker.java:128)
at java.base/java.util.concurrent.ThreadPoolExecutor.runWorker(ThreadPoolExecutor.java:1136)
at java.base/java.util.concurrent.ThreadPoolExecutor$Worker.run(ThreadPoolExecutor.java:635)
at java.base/java.lang.Thread.run(Thread.java:833)
]]>
    </error>
  </testcase> <!-- tc2 -->
  <system-out/>
</testsuite> <!-- com.techment.test.Test1 -->
